TN:
SF:/Users/amir/GitHub/marmalade-ng/tests/kadena_repl_sandbox/kda-env/pact-util-lib/util-zk.pact
FN:73,free.util-zk.serialize-proof
FN:28,free.util-zk.GOV
FN:83,free.util-zk.deserialize-proof
FN:68,free.util-zk.int256-to-b64
FN:97,free.util-zk.neg-G1
FN:104,free.util-zk.verify-groth16-proof
FNDA:0,free.util-zk.serialize-proof
FNDA:0,free.util-zk.GOV
FNDA:0,free.util-zk.deserialize-proof
FNDA:0,free.util-zk.int256-to-b64
FNDA:0,free.util-zk.neg-G1
FNDA:0,free.util-zk.verify-groth16-proof
FNF:6
FNH:0
BRF:0
BRH:0
DA:97,0
DA:114,0
DA:83,0
DA:99,0
DA:115,0
DA:68,0
DA:100,0
DA:116,0
DA:85,0
DA:70,0
DA:86,0
DA:118,0
DA:87,0
DA:119,0
DA:88,0
DA:104,0
DA:120,0
DA:73,0
DA:89,0
DA:90,0
DA:75,0
DA:91,0
DA:12,2
DA:28,0
DA:76,0
DA:92,0
DA:29,0
DA:77,0
DA:78,0
DA:110,0
DA:79,0
DA:111,0
LF:32
LH:1
end_of_record
TN:
SF:/Users/amir/GitHub/marmalade-ng/tests/init/../../pact/kip/ng-poly-fungible-v1.pact
FNF:0
FNH:0
BRF:0
BRH:0
DA:1,2
LF:1
LH:1
end_of_record
TN:
SF:/Users/amir/GitHub/marmalade-ng/tests/tools/events_analyzer.pact
FN:59,ev-analyzer.--extract-name
FN:44,ev-analyzer.G
FN:71,ev-analyzer.position
FN:68,ev-analyzer.is-present
FN:74,ev-analyzer.params
FN:65,ev-analyzer.format-evs
FN:55,ev-analyzer.get
FN:52,ev-analyzer.store
FN:77,ev-analyzer.param
FN:62,ev-analyzer.get-names
FNDA:0,ev-analyzer.--extract-name
FNDA:0,ev-analyzer.G
FNDA:0,ev-analyzer.position
FNDA:0,ev-analyzer.is-present
FNDA:0,ev-analyzer.params
FNDA:0,ev-analyzer.format-evs
FNDA:0,ev-analyzer.get
FNDA:1,ev-analyzer.store
FNDA:0,ev-analyzer.param
FNDA:0,ev-analyzer.get-names
FNF:10
FNH:1
BRF:0
BRH:0
DA:65,0
DA:81,1
DA:66,0
DA:52,1
DA:68,0
DA:53,1
DA:69,0
DA:55,0
DA:71,0
DA:40,1
DA:56,0
DA:72,0
DA:74,0
DA:59,0
DA:75,0
DA:44,0
DA:60,0
DA:77,0
DA:62,0
DA:78,0
DA:63,0
LF:21
LH:4
end_of_record
TN:
SF:/Users/amir/GitHub/marmalade-ng/tests/init/../../pact/ledger.pact
FN:380,marmalade-ng.ledger.burn
FN:166,marmalade-ng.ledger.get-token-info
FN:48,marmalade-ng.ledger.SUPPLY
FN:90,marmalade-ng.ledger.BURN
FN:229,marmalade-ng.ledger.create-account
FN:349,marmalade-ng.ledger.POLICY-ENFORCE-MINT
FN:186,marmalade-ng.ledger.enforce-unit
FN:176,marmalade-ng.ledger.get-uri
FN:377,marmalade-ng.ledger.POLICY-ENFORCE-BURN
FN:199,marmalade-ng.ledger.token-exist
FN:78,marmalade-ng.ledger.UPDATE_SUPPLY
FN:242,marmalade-ng.ledger.get-balance
FN:325,marmalade-ng.ledger.transfer-create
FN:53,marmalade-ng.ledger.TOKEN-CREATE
FN:257,marmalade-ng.ledger.details
FN:289,marmalade-ng.ledger.create-token
FN:145,marmalade-ng.ledger.create-token-id
FN:407,marmalade-ng.ledger.ESCROW
FN:414,marmalade-ng.ledger.escrow
FN:252,marmalade-ng.ledger.account-exist
FN:225,marmalade-ng.ledger.key
FN:215,marmalade-ng.ledger.list-holders
FN:271,marmalade-ng.ledger.POLICY-ENFORCE-INIT
FN:68,marmalade-ng.ledger.DEBIT
FN:83,marmalade-ng.ledger.MINT
FN:30,marmalade-ng.ledger.GOVERNANCE
FN:529,marmalade-ng.ledger.debit
FN:181,marmalade-ng.ledger.precision
FN:58,marmalade-ng.ledger.RECONCILE
FN:352,marmalade-ng.ledger.mint
FN:131,marmalade-ng.ledger.TRANSFER-mgr
FN:104,marmalade-ng.ledger.SALE
FN:433,marmalade-ng.ledger.sale
FN:319,marmalade-ng.ledger.transfer
FN:97,marmalade-ng.ledger.TRANSFER
FN:110,marmalade-ng.ledger.OFFER
FN:427,marmalade-ng.ledger.POLICY-ENFORCE-BUY
FN:316,marmalade-ng.ledger.POLICY-ENFORCE-TRANSFER
FN:73,marmalade-ng.ledger.CREDIT
FN:541,marmalade-ng.ledger.credit
FN:171,marmalade-ng.ledger.get-policies
FN:117,marmalade-ng.ledger.WITHDRAW
FN:261,marmalade-ng.ledger.list-balances
FN:141,marmalade-ng.ledger.ENFORCE-RESERVED
FN:410,marmalade-ng.ledger.escrow-guard
FN:204,marmalade-ng.ledger.update-supply
FN:194,marmalade-ng.ledger.total-supply
FN:424,marmalade-ng.ledger.POLICY-ENFORCE-WITHDRAW
FN:274,marmalade-ng.ledger.sort-policies
FN:150,marmalade-ng.ledger.enforce-token-reserved
FN:247,marmalade-ng.ledger.account-guard
FN:430,marmalade-ng.ledger.POLICY-ENFORCE-SETTLE
FN:190,marmalade-ng.ledger.truncate
FN:421,marmalade-ng.ledger.POLICY-ENFORCE-OFFER
FN:124,marmalade-ng.ledger.BUY
FNDA:0,marmalade-ng.ledger.burn
FNDA:5,marmalade-ng.ledger.get-token-info
FNDA:0,marmalade-ng.ledger.SUPPLY
FNDA:0,marmalade-ng.ledger.BURN
FNDA:0,marmalade-ng.ledger.create-account
FNDA:2,marmalade-ng.ledger.POLICY-ENFORCE-MINT
FNDA:0,marmalade-ng.ledger.enforce-unit
FNDA:0,marmalade-ng.ledger.get-uri
FNDA:0,marmalade-ng.ledger.POLICY-ENFORCE-BURN
FNDA:0,marmalade-ng.ledger.token-exist
FNDA:1,marmalade-ng.ledger.UPDATE_SUPPLY
FNDA:1,marmalade-ng.ledger.get-balance
FNDA:0,marmalade-ng.ledger.transfer-create
FNDA:0,marmalade-ng.ledger.TOKEN-CREATE
FNDA:0,marmalade-ng.ledger.details
FNDA:6,marmalade-ng.ledger.create-token
FNDA:7,marmalade-ng.ledger.create-token-id
FNDA:2,marmalade-ng.ledger.ESCROW
FNDA:8,marmalade-ng.ledger.escrow
FNDA:0,marmalade-ng.ledger.account-exist
FNDA:14,marmalade-ng.ledger.key
FNDA:0,marmalade-ng.ledger.list-holders
FNDA:7,marmalade-ng.ledger.POLICY-ENFORCE-INIT
FNDA:2,marmalade-ng.ledger.DEBIT
FNDA:1,marmalade-ng.ledger.MINT
FNDA:0,marmalade-ng.ledger.GOVERNANCE
FNDA:2,marmalade-ng.ledger.debit
FNDA:4,marmalade-ng.ledger.precision
FNDA:0,marmalade-ng.ledger.RECONCILE
FNDA:1,marmalade-ng.ledger.mint
FNDA:0,marmalade-ng.ledger.TRANSFER-mgr
FNDA:1,marmalade-ng.ledger.SALE
FNDA:4,marmalade-ng.ledger.sale
FNDA:0,marmalade-ng.ledger.transfer
FNDA:0,marmalade-ng.ledger.TRANSFER
FNDA:1,marmalade-ng.ledger.OFFER
FNDA:2,marmalade-ng.ledger.POLICY-ENFORCE-BUY
FNDA:0,marmalade-ng.ledger.POLICY-ENFORCE-TRANSFER
FNDA:3,marmalade-ng.ledger.CREDIT
FNDA:3,marmalade-ng.ledger.credit
FNDA:5,marmalade-ng.ledger.get-policies
FNDA:0,marmalade-ng.ledger.WITHDRAW
FNDA:0,marmalade-ng.ledger.list-balances
FNDA:6,marmalade-ng.ledger.ENFORCE-RESERVED
FNDA:10,marmalade-ng.ledger.escrow-guard
FNDA:1,marmalade-ng.ledger.update-supply
FNDA:0,marmalade-ng.ledger.total-supply
FNDA:0,marmalade-ng.ledger.POLICY-ENFORCE-WITHDRAW
FNDA:6,marmalade-ng.ledger.sort-policies
FNDA:6,marmalade-ng.ledger.enforce-token-reserved
FNDA:3,marmalade-ng.ledger.account-guard
FNDA:2,marmalade-ng.ledger.POLICY-ENFORCE-SETTLE
FNDA:0,marmalade-ng.ledger.truncate
FNDA:4,marmalade-ng.ledger.POLICY-ENFORCE-OFFER
FNDA:1,marmalade-ng.ledger.BUY
FNF:55
FNH:31
BRF:0
BRH:0
DA:544,3
DA:48,0
DA:304,1
DA:336,0
DA:352,1
DA:368,1
DA:128,2
DA:384,0
DA:160,0
DA:416,16
DA:176,0
DA:192,0
DA:208,1
DA:480,0
DA:496,0
DA:1,2
DA:257,0
DA:513,2
DA:529,2
DA:289,6
DA:545,6
DA:97,0
DA:113,2
DA:385,0
DA:145,7
DA:433,4
DA:449,6
DA:209,1
DA:465,3
DA:225,14
DA:497,6
DA:514,2
DA:274,6
DA:322,0
DA:354,1
DA:114,3
DA:370,1
DA:386,0
DA:178,0
DA:194,0
DA:466,1
DA:242,1
DA:498,2
DA:259,0
DA:515,1
DA:531,2
DA:547,6
DA:323,0
DA:83,1
DA:339,0
DA:371,1
DA:131,0
DA:147,14
DA:211,1
DA:467,3
DA:227,14
DA:483,0
DA:499,0
DA:516,1
DA:532,4
DA:548,3
DA:68,2
DA:340,0
DA:100,0
DA:356,2
DA:132,0
DA:196,0
DA:452,3
DA:212,1
DA:468,1
DA:484,0
DA:244,2
DA:500,6
DA:261,0
DA:549,6
DA:53,0
DA:325,0
DA:341,0
DA:101,0
DA:117,0
DA:133,0
DA:421,4
DA:181,4
DA:437,3
DA:213,1
DA:229,0
DA:485,0
DA:501,2
DA:534,4
DA:310,4
DA:86,2
DA:358,1
DA:134,0
DA:390,0
DA:150,6
DA:166,5
DA:438,3
DA:486,0
DA:295,6
DA:71,4
DA:87,2
DA:343,0
DA:359,1
DA:119,0
DA:407,2
DA:183,4
DA:439,0
DA:199,0
DA:215,0
DA:231,0
DA:247,3
DA:264,0
DA:520,2
DA:536,2
DA:40,1
DA:296,6
DA:328,0
DA:104,1
DA:360,0
DA:120,0
DA:392,0
DA:168,5
DA:424,0
DA:440,12
DA:456,15
DA:232,0
DA:504,1
DA:265,0
DA:521,1
DA:281,12
DA:537,4
DA:73,3
DA:361,4
DA:121,0
DA:377,0
DA:153,12
DA:441,4
DA:201,0
DA:457,0
DA:233,0
DA:249,6
DA:282,18
DA:298,0
DA:58,0
DA:330,0
DA:90,0
DA:362,2
DA:394,0
DA:154,6
DA:410,10
DA:186,0
DA:202,0
DA:218,0
DA:474,0
DA:234,0
DA:283,6
DA:43,2
DA:299,14
DA:331,0
DA:107,1
DA:171,5
DA:427,2
DA:219,0
DA:475,0
DA:235,0
DA:284,6
DA:300,7
DA:316,0
DA:332,0
DA:364,1
DA:124,1
DA:380,0
DA:396,0
DA:412,10
DA:188,0
DA:204,1
DA:476,0
DA:492,1
DA:252,0
DA:285,6
DA:541,3
DA:93,0
DA:349,2
DA:141,6
DA:397,0
DA:173,5
DA:461,8
DA:493,1
DA:509,1
DA:30,0
DA:302,6
DA:78,1
DA:94,0
DA:110,2
DA:366,2
DA:126,2
DA:382,0
DA:158,12
DA:414,8
DA:430,2
DA:190,0
DA:446,12
DA:462,1
DA:494,1
DA:254,0
DA:271,7
DA:31,0
DA:543,3
DA:319,0
DA:127,3
DA:159,18
DA:495,1
DA:255,0
LF:213
LH:125
end_of_record
TN:
SF:/Users/amir/GitHub/marmalade-ng/tests/kadena_repl_sandbox/kda-env/pact-util-lib/util-lists.pact
FN:35,free.util-lists.is-singleton
FN:122,free.util-lists.insert-first
FN:149,free.util-lists.replace-last
FN:217,free.util-lists.roll-left
FN:144,free.util-lists.replace-first
FN:103,free.util-lists.make-list-like
FN:108,free.util-lists.extend
FN:172,free.util-lists.replace-item*
FN:191,free.util-lists.remove-at
FN:126,free.util-lists.append-last
FN:167,free.util-lists.replace-item
FN:79,free.util-lists.at*
FN:130,free.util-lists.insert-at
FN:69,free.util-lists.first
FN:27,free.util-lists.is-empty
FN:47,free.util-lists.chain
FN:221,free.util-lists.roll-right
FN:116,free.util-lists.extend-like
FN:56,free.util-lists.enumerate-list
FN:97,free.util-lists.count
FN:20,free.util-lists.GOV
FN:197,free.util-lists.remove-item
FN:209,free.util-lists.shift-left
FN:162,free.util-lists.replace-at*
FN:87,free.util-lists.search
FN:23,free.util-lists.enforce-not-empty
FN:185,free.util-lists.remove-last
FN:179,free.util-lists.remove-first
FN:63,free.util-lists.contains*
FN:154,free.util-lists.replace-at
FN:202,free.util-lists.remove-item*
FN:74,free.util-lists.last
FN:31,free.util-lists.is-not-empty
FN:39,free.util-lists.is-pair
FN:138,free.util-lists.insert-at*
FN:43,free.util-lists.enforce-list-bounds
FN:213,free.util-lists.shift-right
FN:225,free.util-lists.fifo-push
FNDA:0,free.util-lists.is-singleton
FNDA:0,free.util-lists.insert-first
FNDA:0,free.util-lists.replace-last
FNDA:0,free.util-lists.roll-left
FNDA:0,free.util-lists.replace-first
FNDA:0,free.util-lists.make-list-like
FNDA:0,free.util-lists.extend
FNDA:0,free.util-lists.replace-item*
FNDA:0,free.util-lists.remove-at
FNDA:0,free.util-lists.append-last
FNDA:0,free.util-lists.replace-item
FNDA:0,free.util-lists.at*
FNDA:0,free.util-lists.insert-at
FNDA:0,free.util-lists.first
FNDA:0,free.util-lists.is-empty
FNDA:0,free.util-lists.chain
FNDA:0,free.util-lists.roll-right
FNDA:0,free.util-lists.extend-like
FNDA:0,free.util-lists.enumerate-list
FNDA:0,free.util-lists.count
FNDA:0,free.util-lists.GOV
FNDA:0,free.util-lists.remove-item
FNDA:0,free.util-lists.shift-left
FNDA:0,free.util-lists.replace-at*
FNDA:0,free.util-lists.search
FNDA:0,free.util-lists.enforce-not-empty
FNDA:0,free.util-lists.remove-last
FNDA:0,free.util-lists.remove-first
FNDA:0,free.util-lists.contains*
FNDA:0,free.util-lists.replace-at
FNDA:0,free.util-lists.remove-item*
FNDA:0,free.util-lists.last
FNDA:0,free.util-lists.is-not-empty
FNDA:0,free.util-lists.is-pair
FNDA:0,free.util-lists.insert-at*
FNDA:0,free.util-lists.enforce-list-bounds
FNDA:0,free.util-lists.shift-right
FNDA:0,free.util-lists.fifo-push
FNF:38
FNH:0
BRF:0
BRH:0
DA:128,0
DA:144,0
DA:33,0
DA:49,0
DA:65,0
DA:81,0
DA:97,0
DA:113,0
DA:193,0
DA:209,0
DA:225,0
DA:82,0
DA:130,0
DA:146,0
DA:162,0
DA:194,0
DA:35,0
DA:99,0
DA:147,0
DA:179,0
DA:211,0
DA:227,0
DA:20,0
DA:84,0
DA:116,0
DA:132,0
DA:164,0
DA:228,0
DA:21,0
DA:37,0
DA:69,0
DA:133,0
DA:149,0
DA:181,0
DA:197,0
DA:213,0
DA:229,0
DA:118,0
DA:182,0
DA:23,0
DA:39,0
DA:71,0
DA:87,0
DA:103,0
DA:135,0
DA:151,0
DA:167,0
DA:199,0
DA:215,0
DA:56,0
DA:72,0
DA:152,0
DA:25,0
DA:41,0
DA:105,0
DA:169,0
DA:185,0
DA:217,0
DA:74,0
DA:90,0
DA:122,0
DA:138,0
DA:154,0
DA:202,0
DA:27,0
DA:43,0
DA:59,0
DA:91,0
DA:187,0
DA:219,0
DA:60,0
DA:76,0
DA:92,0
DA:108,0
DA:124,0
DA:140,0
DA:156,0
DA:172,0
DA:188,0
DA:204,0
DA:13,2
DA:29,0
DA:45,0
DA:77,0
DA:93,0
DA:157,0
DA:205,0
DA:221,0
DA:110,0
DA:126,0
DA:174,0
DA:31,0
DA:47,0
DA:63,0
DA:79,0
DA:111,0
DA:159,0
DA:175,0
DA:191,0
DA:223,0
LF:100
LH:1
end_of_record
TN:
SF:/Users/amir/GitHub/marmalade-ng/tests/kadena_repl_sandbox/kda-env/./kadena/guards.pact
FN:25,util.guards.enforce-at-after-date
FN:16,util.guards.enforce-after-date
FN:67,util.guards.enforce-or
FN:12,util.guards.after-date
FN:59,util.guards.enforce-and
FN:30,util.guards.before-date
FN:9,util.guards.AUTONOMOUS
FN:55,util.guards.guard-and
FN:48,util.guards.enforce-time
FN:21,util.guards.at-after-date
FN:52,util.guards.chain-time
FN:63,util.guards.guard-or
FN:39,util.guards.at-before-date
FN:34,util.guards.enforce-before-date
FN:43,util.guards.enforce-at-before-date
FNDA:0,util.guards.enforce-at-after-date
FNDA:0,util.guards.enforce-after-date
FNDA:0,util.guards.enforce-or
FNDA:0,util.guards.after-date
FNDA:0,util.guards.enforce-and
FNDA:0,util.guards.before-date
FNDA:0,util.guards.AUTONOMOUS
FNDA:0,util.guards.guard-and
FNDA:0,util.guards.enforce-time
FNDA:0,util.guards.at-after-date
FNDA:0,util.guards.chain-time
FNDA:0,util.guards.guard-or
FNDA:0,util.guards.at-before-date
FNDA:0,util.guards.enforce-before-date
FNDA:0,util.guards.enforce-at-before-date
FNF:15
FNH:0
BRF:0
BRH:0
DA:16,0
DA:32,0
DA:48,0
DA:17,0
DA:49,0
DA:65,0
DA:18,0
DA:34,0
DA:50,0
DA:3,2
DA:35,0
DA:67,0
DA:36,0
DA:52,0
DA:68,0
DA:5,3
DA:21,0
DA:53,0
DA:69,0
DA:70,0
DA:23,0
DA:39,0
DA:55,0
DA:71,0
DA:9,0
DA:25,0
DA:41,0
DA:57,0
DA:10,0
DA:26,0
DA:27,0
DA:43,0
DA:59,0
DA:12,0
DA:44,0
DA:60,0
DA:45,0
DA:61,0
DA:14,0
DA:30,0
DA:63,0
LF:41
LH:2
end_of_record
TN:
SF:/Users/amir/GitHub/marmalade-ng/tests/kadena_repl_sandbox/kda-env/./kadena/gas-payer-v1.pact
FNF:0
FNH:0
BRF:0
BRH:0
DA:1,1
LF:1
LH:1
end_of_record
TN:
SF:/Users/amir/GitHub/marmalade-ng/tests/kadena_repl_sandbox/kda-env/./kadena/coin-v6.pact
FN:107,coin.TRANSFER_XCHAIN
FN:366,coin.transfer-create
FN:307,coin.details
FN:510,coin.check-reserved
FN:288,coin.create-account
FN:61,coin.GENESIS
FN:169,coin.enforce-unit
FN:300,coin.get-balance
FN:212,coin.gas-guard
FN:615,coin.create-allocation-account
FN:538,coin.transfer-crosschain
FN:57,coin.COINBASE
FN:69,coin.DEBIT
FN:220,coin.buy-gas
FN:50,coin.GOVERNANCE
FN:96,coin.TRANSFER-mgr
FN:335,coin.precision
FN:130,coin.TRANSFER_XCHAIN_RECD
FN:390,coin.coinbase
FN:453,coin.debit
FN:83,coin.TRANSFER
FN:339,coin.transfer
FN:648,coin.release-allocation
FN:317,coin.rotate
FN:78,coin.ROTATE
FN:65,coin.REMEDIATE
FN:178,coin.validate-account
FN:407,coin.remediate
FN:517,coin.enforce-reserved
FN:433,coin.fund-tx
FN:74,coin.CREDIT
FN:479,coin.credit
FN:53,coin.GAS
FN:241,coin.redeem-gas
FN:140,coin.RELEASE_ALLOCATION
FN:120,coin.TRANSFER_XCHAIN-mgr
FN:208,coin.gas-only
FNDA:0,coin.TRANSFER_XCHAIN
FNDA:3,coin.transfer-create
FNDA:2,coin.details
FNDA:5,coin.check-reserved
FNDA:4,coin.create-account
FNDA:0,coin.GENESIS
FNDA:18,coin.enforce-unit
FNDA:5,coin.get-balance
FNDA:0,coin.gas-guard
FNDA:0,coin.create-allocation-account
FNDA:0,coin.transfer-crosschain
FNDA:0,coin.COINBASE
FNDA:3,coin.DEBIT
FNDA:0,coin.buy-gas
FNDA:0,coin.GOVERNANCE
FNDA:4,coin.TRANSFER-mgr
FNDA:2,coin.precision
FNDA:0,coin.TRANSFER_XCHAIN_RECD
FNDA:0,coin.coinbase
FNDA:3,coin.debit
FNDA:3,coin.TRANSFER
FNDA:1,coin.transfer
FNDA:0,coin.release-allocation
FNDA:0,coin.rotate
FNDA:0,coin.ROTATE
FNDA:0,coin.REMEDIATE
FNDA:22,coin.validate-account
FNDA:0,coin.remediate
FNDA:6,coin.enforce-reserved
FNDA:0,coin.fund-tx
FNDA:7,coin.CREDIT
FNDA:7,coin.credit
FNDA:0,coin.GAS
FNDA:0,coin.redeem-gas
FNDA:0,coin.RELEASE_ALLOCATION
FNDA:0,coin.TRANSFER_XCHAIN-mgr
FNDA:0,coin.gas-only
FNF:37
FNH:16
BRF:0
BRH:0
DA:256,0
DA:272,0
DA:288,4
DA:592,0
DA:96,8
DA:352,2
DA:656,0
DA:416,0
DA:672,0
DA:192,22
DA:208,0
DA:496,14
DA:273,0
DA:561,0
DA:65,0
DA:385,3
DA:641,0
DA:401,0
DA:433,0
DA:193,0
DA:449,0
DA:465,3
DA:241,0
DA:2,1
DA:258,0
DA:514,5
DA:50,0
DA:322,0
DA:578,0
DA:130,0
DA:386,3
DA:402,0
DA:658,0
DA:674,0
DA:178,22
DA:450,0
DA:210,0
DA:259,0
DA:515,15
DA:275,0
DA:291,4
DA:51,0
DA:307,2
DA:323,0
DA:83,6
DA:339,1
DA:595,0
DA:355,1
DA:115,0
DA:387,3
DA:403,0
DA:163,22
DA:419,0
DA:467,3
DA:276,0
DA:292,4
DA:564,0
DA:580,0
DA:596,0
DA:116,0
DA:628,0
DA:404,0
DA:676,0
DA:212,0
DA:468,3
DA:500,14
DA:261,0
DA:517,6
DA:53,0
DA:309,2
DA:69,3
DA:101,4
DA:357,1
DA:117,0
DA:421,0
DA:197,22
DA:453,3
DA:501,2
DA:262,0
DA:294,4
DA:566,0
DA:326,0
DA:102,8
DA:358,0
DA:374,6
DA:630,0
DA:390,0
DA:422,0
DA:678,0
DA:198,22
DA:214,0
DA:486,7
DA:519,12
DA:551,0
DA:71,9
DA:103,1
DA:359,0
DA:615,0
DA:631,0
DA:407,0
DA:423,0
DA:679,0
DA:183,22
DA:199,0
DA:471,6
DA:231,0
DA:280,0
DA:552,0
DA:72,6
DA:328,0
DA:584,0
DA:120,0
DA:648,0
DA:680,0
DA:184,22
DA:216,0
DA:488,14
DA:504,7
DA:265,0
DA:521,5
DA:281,0
DA:57,0
DA:329,0
DA:89,6
DA:377,3
DA:665,0
DA:169,18
DA:185,0
DA:217,0
DA:473,3
DA:233,0
DA:489,7
DA:505,12
DA:522,10
DA:282,0
DA:538,0
DA:554,0
DA:570,0
DA:74,7
DA:90,3
DA:346,2
DA:362,0
DA:378,3
DA:634,0
DA:426,0
DA:682,0
DA:474,3
DA:234,0
DA:555,0
DA:571,0
DA:91,6
DA:107,0
DA:667,0
DA:491,7
DA:268,0
DA:524,0
DA:300,5
DA:76,14
DA:92,6
DA:380,6
DA:140,0
DA:172,18
DA:428,0
DA:460,3
DA:220,0
DA:236,0
DA:492,7
DA:252,0
DA:525,0
DA:301,5
DA:557,0
DA:61,0
DA:317,0
DA:93,6
DA:349,1
DA:125,0
DA:637,0
DA:173,36
DA:429,0
DA:189,22
DA:237,0
DA:253,0
DA:526,0
DA:558,0
DA:318,0
DA:78,0
DA:350,1
DA:366,3
DA:126,0
DA:398,0
DA:414,0
DA:670,0
DA:462,6
DA:238,0
DA:254,0
DA:510,5
DA:271,0
DA:527,0
DA:335,2
DA:591,0
DA:383,3
DA:639,0
DA:399,0
DA:671,0
DA:175,0
DA:191,22
DA:479,7
LF:207
LH:80
end_of_record
TN:
SF:/Users/amir/GitHub/marmalade-ng/tests/kadena_repl_sandbox/kda-env/pact-util-lib/util-random.pact
FN:123,free.util-random.gen-uuid-rfc-4122-v4
FN:93,free.util-random.random-string
FN:41,free.util-random.GOV
FN:54,free.util-random.reset-state
FN:113,free.util-random.shuffle
FN:63,free.util-random.--random-hash
FN:105,free.util-random.random-choice
FN:73,free.util-random.random-int
FN:101,free.util-random.random-bool
FN:85,free.util-random.random-decimal-range
FN:77,free.util-random.random-int-range
FNDA:0,free.util-random.gen-uuid-rfc-4122-v4
FNDA:0,free.util-random.random-string
FNDA:0,free.util-random.GOV
FNDA:1,free.util-random.reset-state
FNDA:0,free.util-random.shuffle
FNDA:0,free.util-random.--random-hash
FNDA:0,free.util-random.random-choice
FNDA:0,free.util-random.random-int
FNDA:0,free.util-random.random-bool
FNDA:0,free.util-random.random-decimal-range
FNDA:0,free.util-random.random-int-range
FNF:11
FNH:1
BRF:0
BRH:0
DA:80,0
DA:96,0
DA:128,0
DA:65,0
DA:81,0
DA:97,0
DA:113,0
DA:129,0
DA:66,0
DA:82,0
DA:98,0
DA:130,0
DA:67,0
DA:115,0
DA:131,0
DA:68,0
DA:116,0
DA:132,0
DA:69,0
DA:85,0
DA:101,0
DA:117,0
DA:133,0
DA:54,1
DA:118,0
DA:134,0
DA:87,0
DA:103,0
DA:119,0
DA:56,1
DA:88,0
DA:120,0
DA:41,0
DA:57,2
DA:73,0
DA:89,0
DA:105,0
DA:26,2
DA:42,0
DA:90,0
DA:59,2
DA:75,0
DA:107,0
DA:123,0
DA:60,2
DA:108,0
DA:77,0
DA:93,0
DA:109,0
DA:125,0
DA:110,0
DA:126,0
DA:63,0
DA:79,0
DA:95,0
DA:127,0
LF:56
LH:6
end_of_record
TN:
SF:/Users/amir/GitHub/marmalade-ng/tests/kadena_repl_sandbox/kda-env/pact-util-lib/util-fungible.pact
FN:73,free.util-fungible.enforce-valid-transfer-xchain
FN:63,free.util-fungible.enforce-valid-transfer
FN:43,free.util-fungible.enforce-valid-amount
FN:101,free.util-fungible.enforce-not-same-chain
FN:50,free.util-fungible.enforce-valid-account
FN:81,free.util-fungible.enforce-reserved
FN:89,free.util-fungible.enforce-reserved*
FN:97,free.util-fungible.enforce-valid-chain-id
FN:36,free.util-fungible.enforce-precision
FN:23,free.util-fungible.GOV
FNDA:0,free.util-fungible.enforce-valid-transfer-xchain
FNDA:0,free.util-fungible.enforce-valid-transfer
FNDA:4,free.util-fungible.enforce-valid-amount
FNDA:0,free.util-fungible.enforce-not-same-chain
FNDA:11,free.util-fungible.enforce-valid-account
FNDA:3,free.util-fungible.enforce-reserved
FNDA:0,free.util-fungible.enforce-reserved*
FNDA:0,free.util-fungible.enforce-valid-chain-id
FNDA:4,free.util-fungible.enforce-precision
FNDA:0,free.util-fungible.GOV
FNF:10
FNH:4
BRF:0
BRH:0
DA:16,2
DA:81,3
DA:97,0
DA:34,22
DA:50,11
DA:66,0
DA:67,0
DA:83,6
DA:99,0
DA:36,4
DA:68,0
DA:84,2
DA:69,0
DA:85,0
DA:101,0
DA:38,12
DA:54,22
DA:70,0
DA:23,0
DA:39,0
DA:103,0
DA:24,0
DA:104,0
DA:57,40
DA:73,0
DA:89,0
DA:58,10
DA:43,4
DA:59,0
DA:76,0
DA:92,0
DA:77,0
DA:93,0
DA:46,8
DA:78,0
DA:94,0
DA:47,4
DA:63,0
LF:38
LH:14
end_of_record
TN:
SF:/Users/amir/GitHub/marmalade-ng/tests/kadena_repl_sandbox/kda-env/./bootstrap-modules/repl-coin-tools.pact
FN:15,repl-coin-tools.fund-accounts
FN:2,repl-coin-tools.GOV
FN:5,repl-coin-tools.fund-account
FNDA:1,repl-coin-tools.fund-accounts
FNDA:0,repl-coin-tools.GOV
FNDA:4,repl-coin-tools.fund-account
FNF:3
FNH:2
BRF:0
BRH:0
DA:1,1
DA:17,9
DA:2,0
DA:5,4
DA:7,4
DA:8,4
DA:9,4
DA:10,4
DA:11,8
DA:12,4
DA:15,1
LF:11
LH:10
end_of_record
TN:
SF:/Users/amir/GitHub/marmalade-ng/tests/init/../../pact/utils/util-policies.pact
FN:90,marmalade-ng.util-policies.read-shared-fee-msg
FN:96,marmalade-ng.util-policies.check-fungible-account
FN:47,marmalade-ng.util-policies.get-msg-data
FN:107,marmalade-ng.util-policies.check-price
FN:9,marmalade-ng.util-policies.GOVERNANCE
FN:58,marmalade-ng.util-policies.enforce-get-msg-data
FN:44,marmalade-ng.util-policies.token-key
FN:41,marmalade-ng.util-policies.global-key
FN:112,marmalade-ng.util-policies.enforce-valid-rate
FN:75,marmalade-ng.util-policies.read-sale-msg
FN:78,marmalade-ng.util-policies.enforce-read-sale-msg
FNDA:0,marmalade-ng.util-policies.read-shared-fee-msg
FNDA:1,marmalade-ng.util-policies.check-fungible-account
FNDA:11,marmalade-ng.util-policies.get-msg-data
FNDA:1,marmalade-ng.util-policies.check-price
FNDA:0,marmalade-ng.util-policies.GOVERNANCE
FNDA:10,marmalade-ng.util-policies.enforce-get-msg-data
FNDA:11,marmalade-ng.util-policies.token-key
FNDA:22,marmalade-ng.util-policies.global-key
FNDA:0,marmalade-ng.util-policies.enforce-valid-rate
FNDA:1,marmalade-ng.util-policies.read-sale-msg
FNDA:3,marmalade-ng.util-policies.enforce-read-sale-msg
FNF:11
FNH:8
BRF:0
BRH:0
DA:96,1
DA:112,0
DA:1,2
DA:98,1
DA:114,0
DA:99,2
DA:52,33
DA:100,2
DA:53,22
DA:101,0
DA:54,33
DA:9,0
DA:41,22
DA:105,1
DA:10,0
DA:42,22
DA:58,10
DA:90,0
DA:75,1
DA:91,0
DA:107,1
DA:44,11
DA:60,10
DA:76,1
DA:108,4
DA:45,33
DA:61,22
DA:109,1
DA:78,3
DA:47,11
DA:79,3
LF:31
LH:24
end_of_record
TN:
SF:/Users/amir/GitHub/marmalade-ng/tests/kadena_repl_sandbox/kda-env/init-pact-util-lib.repl
FNF:0
FNH:0
BRF:0
BRH:0
DA:1,1
DA:17,1
DA:2,1
DA:3,1
DA:19,1
DA:4,1
DA:5,1
DA:6,1
DA:7,1
DA:8,1
DA:9,1
DA:10,1
DA:12,1
DA:14,2
DA:15,1
LF:15
LH:15
end_of_record
TN:
SF:/Users/amir/GitHub/marmalade-ng/tests/init/../../pact/policies/token-policy-ng-v1.pact
FNF:0
FNH:0
BRF:0
BRH:0
DA:1,2
LF:1
LH:1
end_of_record
TN:
SF:/Users/amir/GitHub/marmalade-ng/tests/init/init-ledger.repl
FNF:0
FNH:0
BRF:0
BRH:0
DA:32,1
DA:1,1
DA:33,1
DA:2,1
DA:18,1
DA:34,1
DA:20,1
DA:6,1
DA:22,1
DA:7,1
DA:23,1
DA:8,1
DA:25,1
DA:26,1
DA:12,3
DA:28,1
DA:13,3
DA:29,1
DA:14,1
DA:30,1
DA:15,3
LF:21
LH:21
end_of_record
TN:
SF:/Users/amir/GitHub/marmalade-ng/tests/stubs/fake-fungible.pact
FN:14,fake-fungible.TRANSFER-mgr
FN:5,fake-fungible.GOV
FN:36,fake-fungible.enforce-unit
FN:39,fake-fungible.create-account
FN:33,fake-fungible.precision
FN:23,fake-fungible.transfer-crosschain
FN:27,fake-fungible.get-balance
FN:30,fake-fungible.details
FN:20,fake-fungible.transfer-create
FN:42,fake-fungible.rotate
FN:10,fake-fungible.TRANSFER
FN:17,fake-fungible.transfer
FNDA:0,fake-fungible.TRANSFER-mgr
FNDA:0,fake-fungible.GOV
FNDA:0,fake-fungible.enforce-unit
FNDA:0,fake-fungible.create-account
FNDA:0,fake-fungible.precision
FNDA:0,fake-fungible.transfer-crosschain
FNDA:0,fake-fungible.get-balance
FNDA:0,fake-fungible.details
FNDA:0,fake-fungible.transfer-create
FNDA:0,fake-fungible.rotate
FNDA:0,fake-fungible.TRANSFER
FNDA:0,fake-fungible.transfer
FNF:12
FNH:0
BRF:0
BRH:0
DA:1,1
DA:17,0
DA:33,0
DA:20,0
DA:36,0
DA:5,0
DA:23,0
DA:39,0
DA:10,0
DA:42,0
DA:27,0
DA:14,0
DA:30,0
DA:31,0
LF:14
LH:1
end_of_record
TN:
SF:/Users/amir/GitHub/marmalade-ng/tests/kadena_repl_sandbox/kda-env/./kadena/fungible-xchain-v1.pact
FNF:0
FNH:0
BRF:0
BRH:0
DA:1,1
LF:1
LH:1
end_of_record
TN:
SF:/Users/amir/GitHub/marmalade-ng/tests/../guardians/custom-royalty.pact
FN:159,free.guardian-royalty.pay-royalty
FN:99,free.guardian-royalty.enforce-init
FN:147,free.guardian-royalty.enforce-sale-buy
FN:208,free.guardian-royalty.get-royalty-details-per-creator
FN:14,free.guardian-royalty.GOVERNANCE
FN:96,free.guardian-royalty.rank
FN:118,free.guardian-royalty.enforce-mint
FN:55,free.guardian-royalty.ROYALTY-PAID
FN:127,free.guardian-royalty.enforce-sale-offer
FN:124,free.guardian-royalty.enforce-transfer
FN:201,free.guardian-royalty.get-royalty-details
FN:191,free.guardian-royalty.update-allowed-currencies
FN:85,free.guardian-royalty.enforce-valid-recipients
FN:60,free.guardian-royalty.UPDATE-ROYALTY
FN:144,free.guardian-royalty.enforce-sale-withdraw
FN:150,free.guardian-royalty.enforce-sale-settle
FN:176,free.guardian-royalty.rotate
FN:184,free.guardian-royalty.update-recipients
FN:82,free.guardian-royalty.enforce-valid-fungibles
FN:76,free.guardian-royalty.read-royalty-init-msg
FN:121,free.guardian-royalty.enforce-burn
FNDA:2,free.guardian-royalty.pay-royalty
FNDA:6,free.guardian-royalty.enforce-init
FNDA:1,free.guardian-royalty.enforce-sale-buy
FNDA:2,free.guardian-royalty.get-royalty-details-per-creator
FNDA:0,free.guardian-royalty.GOVERNANCE
FNDA:6,free.guardian-royalty.rank
FNDA:1,free.guardian-royalty.enforce-mint
FNDA:0,free.guardian-royalty.ROYALTY-PAID
FNDA:3,free.guardian-royalty.enforce-sale-offer
FNDA:0,free.guardian-royalty.enforce-transfer
FNDA:1,free.guardian-royalty.get-royalty-details
FNDA:0,free.guardian-royalty.update-allowed-currencies
FNDA:4,free.guardian-royalty.enforce-valid-recipients
FNDA:0,free.guardian-royalty.UPDATE-ROYALTY
FNDA:0,free.guardian-royalty.enforce-sale-withdraw
FNDA:1,free.guardian-royalty.enforce-sale-settle
FNDA:0,free.guardian-royalty.rotate
FNDA:0,free.guardian-royalty.update-recipients
FNDA:2,free.guardian-royalty.enforce-valid-fungibles
FNDA:6,free.guardian-royalty.read-royalty-init-msg
FNDA:0,free.guardian-royalty.enforce-burn
FNF:21
FNH:12
BRF:0
BRH:0
DA:96,6
DA:128,6
DA:144,0
DA:160,4
DA:176,0
DA:208,2
DA:1,1
DA:161,2
DA:193,0
DA:2,3
DA:82,2
DA:130,6
DA:162,6
DA:178,0
DA:194,0
DA:210,6
DA:83,9
DA:99,6
DA:147,1
DA:163,6
DA:179,0
DA:195,0
DA:4,2
DA:100,6
DA:132,4
DA:164,8
DA:180,0
DA:85,4
DA:101,6
DA:165,2
DA:86,12
DA:102,5
DA:118,1
DA:150,1
DA:166,2
DA:55,0
DA:87,9
DA:103,5
DA:151,2
DA:167,2
DA:88,18
DA:104,5
DA:136,10
DA:152,2
DA:168,4
DA:184,0
DA:89,6
DA:105,5
DA:121,0
DA:153,2
DA:201,1
DA:154,1
DA:186,0
DA:107,4
DA:155,1
DA:187,0
DA:203,1
DA:60,0
DA:76,6
DA:108,2
DA:124,0
DA:140,2
DA:156,3
DA:188,0
DA:77,6
DA:109,1
DA:14,0
DA:62,0
DA:15,0
DA:63,0
DA:127,3
DA:159,2
DA:191,0
LF:73
LH:52
end_of_record
TN:
SF:/Users/amir/GitHub/marmalade-ng/tests/test-guardian-royalty.repl
FNF:0
FNH:0
BRF:0
BRH:0
DA:64,1
DA:80,1
DA:112,5
DA:128,2
DA:1,1
DA:33,4
DA:129,2
DA:161,1
DA:177,2
DA:2,1
DA:18,1
DA:50,1
DA:162,2
DA:178,3
DA:3,1
DA:19,1
DA:51,1
DA:115,1
DA:147,2
DA:4,1
DA:20,1
DA:36,1
DA:52,1
DA:100,1
DA:21,1
DA:37,1
DA:101,1
DA:117,1
DA:133,1
DA:6,1
DA:38,1
DA:54,1
DA:118,2
DA:134,2
DA:7,1
DA:103,1
DA:119,3
DA:151,5
DA:167,2
DA:8,1
DA:24,1
DA:88,1
DA:152,5
DA:168,2
DA:25,2
DA:89,1
DA:105,2
DA:137,1
DA:10,1
DA:42,1
DA:74,1
DA:90,1
DA:154,5
DA:170,1
DA:11,1
DA:75,1
DA:139,1
DA:12,1
DA:60,1
DA:76,1
DA:140,2
DA:29,1
DA:61,1
DA:109,5
DA:125,1
DA:157,1
DA:173,1
DA:14,1
DA:62,1
DA:94,1
DA:174,2
DA:15,1
DA:31,1
DA:111,5
DA:143,1
LF:75
LH:75
end_of_record
TN:
SF:/Users/amir/GitHub/marmalade-ng/tests/init/../../pact/policies/policy-fixed-sale.pact
FN:219,marmalade-ng.policy-fixed-sale.get-sales-for-token
FN:162,marmalade-ng.policy-fixed-sale.--enforce-sale-buy
FN:86,marmalade-ng.policy-fixed-sale.enforce-sale-not-ended
FN:73,marmalade-ng.policy-fixed-sale.sale-not-ended
FN:114,marmalade-ng.policy-fixed-sale.enforce-transfer
FN:91,marmalade-ng.policy-fixed-sale.enforce-seller-guard
FN:178,marmalade-ng.policy-fixed-sale.--enforce-sale-settle
FN:69,marmalade-ng.policy-fixed-sale.is-registered
FN:157,marmalade-ng.policy-fixed-sale.enforce-sale-withdraw
FN:31,marmalade-ng.policy-fixed-sale.FIXED-SALE-WITHDRAWN
FN:105,marmalade-ng.policy-fixed-sale.enforce-init
FN:210,marmalade-ng.policy-fixed-sale.get-all-active-sales
FN:81,marmalade-ng.policy-fixed-sale.enforce-sale-ended
FN:173,marmalade-ng.policy-fixed-sale.enforce-sale-buy
FN:111,marmalade-ng.policy-fixed-sale.enforce-burn
FN:203,marmalade-ng.policy-fixed-sale.get-sale
FN:77,marmalade-ng.policy-fixed-sale.sale-ended
FN:117,marmalade-ng.policy-fixed-sale.enforce-sale-offer
FN:21,marmalade-ng.policy-fixed-sale.FIXED-SALE-OFFER
FN:108,marmalade-ng.policy-fixed-sale.enforce-mint
FN:17,marmalade-ng.policy-fixed-sale.FORCE-WITHDRAW
FN:63,marmalade-ng.policy-fixed-sale.read-fixed-quote-msg
FN:195,marmalade-ng.policy-fixed-sale.enforce-sale-settle
FN:147,marmalade-ng.policy-fixed-sale.--enforce-sale-withdraw
FN:214,marmalade-ng.policy-fixed-sale.get-sales-from-account
FN:11,marmalade-ng.policy-fixed-sale.GOVERNANCE
FN:102,marmalade-ng.policy-fixed-sale.rank
FN:26,marmalade-ng.policy-fixed-sale.FIXED-SALE-BOUGHT
FNDA:1,marmalade-ng.policy-fixed-sale.get-sales-for-token
FNDA:1,marmalade-ng.policy-fixed-sale.--enforce-sale-buy
FNDA:1,marmalade-ng.policy-fixed-sale.enforce-sale-not-ended
FNDA:1,marmalade-ng.policy-fixed-sale.sale-not-ended
FNDA:0,marmalade-ng.policy-fixed-sale.enforce-transfer
FNDA:0,marmalade-ng.policy-fixed-sale.enforce-seller-guard
FNDA:1,marmalade-ng.policy-fixed-sale.--enforce-sale-settle
FNDA:2,marmalade-ng.policy-fixed-sale.is-registered
FNDA:0,marmalade-ng.policy-fixed-sale.enforce-sale-withdraw
FNDA:0,marmalade-ng.policy-fixed-sale.FIXED-SALE-WITHDRAWN
FNDA:1,marmalade-ng.policy-fixed-sale.enforce-init
FNDA:1,marmalade-ng.policy-fixed-sale.get-all-active-sales
FNDA:0,marmalade-ng.policy-fixed-sale.enforce-sale-ended
FNDA:1,marmalade-ng.policy-fixed-sale.enforce-sale-buy
FNDA:0,marmalade-ng.policy-fixed-sale.enforce-burn
FNDA:1,marmalade-ng.policy-fixed-sale.get-sale
FNDA:0,marmalade-ng.policy-fixed-sale.sale-ended
FNDA:1,marmalade-ng.policy-fixed-sale.enforce-sale-offer
FNDA:0,marmalade-ng.policy-fixed-sale.FIXED-SALE-OFFER
FNDA:1,marmalade-ng.policy-fixed-sale.enforce-mint
FNDA:0,marmalade-ng.policy-fixed-sale.FORCE-WITHDRAW
FNDA:1,marmalade-ng.policy-fixed-sale.read-fixed-quote-msg
FNDA:1,marmalade-ng.policy-fixed-sale.enforce-sale-settle
FNDA:0,marmalade-ng.policy-fixed-sale.--enforce-sale-withdraw
FNDA:0,marmalade-ng.policy-fixed-sale.get-sales-from-account
FNDA:0,marmalade-ng.policy-fixed-sale.GOVERNANCE
FNDA:6,marmalade-ng.policy-fixed-sale.rank
FNDA:0,marmalade-ng.policy-fixed-sale.FIXED-SALE-BOUGHT
FNF:28
FNH:15
BRF:0
BRH:0
DA:64,1
DA:96,0
DA:1,2
DA:17,0
DA:81,0
DA:129,1
DA:114,0
DA:162,1
DA:178,1
DA:210,1
DA:83,0
DA:131,3
DA:147,0
DA:163,2
DA:179,2
DA:195,1
DA:84,0
DA:148,0
DA:164,1
DA:180,2
DA:196,2
DA:212,3
DA:21,0
DA:69,2
DA:117,1
DA:149,0
DA:197,1
DA:70,4
DA:86,1
DA:102,6
DA:118,2
DA:134,1
DA:150,0
DA:166,2
DA:214,0
DA:71,4
DA:119,2
DA:88,1
DA:136,1
DA:152,0
DA:168,3
DA:216,0
DA:73,1
DA:89,1
DA:105,1
DA:121,2
DA:217,0
DA:26,0
DA:74,2
DA:122,2
DA:154,0
DA:170,3
DA:186,1
DA:11,0
DA:75,3
DA:91,0
DA:187,1
DA:203,1
DA:219,1
DA:12,0
DA:108,1
DA:124,1
DA:188,1
DA:77,0
DA:93,0
DA:157,0
DA:173,1
DA:189,1
DA:205,1
DA:221,4
DA:78,0
DA:94,0
DA:158,0
DA:174,2
DA:222,2
DA:31,0
DA:63,1
DA:79,0
DA:95,0
DA:111,0
DA:127,1
DA:143,2
DA:159,0
DA:175,1
DA:191,0
LF:85
LH:53
end_of_record
TN:
SF:/Users/amir/GitHub/marmalade-ng/tests/kadena_repl_sandbox/kda-env/init.repl
FNF:0
FNH:0
BRF:0
BRH:0
DA:16,1
DA:1,1
DA:4,1
DA:20,4
DA:5,1
DA:6,1
DA:9,1
DA:25,4
DA:26,1
DA:12,1
DA:15,4
LF:11
LH:11
end_of_record
TN:
SF:/Users/amir/GitHub/marmalade-ng/tests/kadena_repl_sandbox/kda-env/init-kadena.repl
FNF:0
FNH:0
BRF:0
BRH:0
DA:1,1
DA:17,1
DA:2,1
DA:18,1
DA:3,1
DA:20,1
DA:21,1
DA:6,1
DA:22,1
DA:7,1
DA:23,1
DA:8,1
DA:9,1
DA:25,1
DA:10,1
DA:26,1
DA:14,1
DA:15,1
LF:18
LH:18
end_of_record
TN:
SF:/Users/amir/GitHub/marmalade-ng/tests/kadena_repl_sandbox/kda-env/init-namespaces.repl
FNF:0
FNH:0
BRF:0
BRH:0
DA:2,1
DA:5,1
DA:6,1
DA:7,1
DA:8,1
DA:9,1
DA:11,1
DA:12,1
LF:8
LH:8
end_of_record
TN:
SF:/Users/amir/GitHub/marmalade-ng/tests/kadena_repl_sandbox/kda-env/bootstrap-modules/basic-guards.pact
FN:8,basic-guards.failure
FN:7,basic-guards.success
FN:2,basic-guards.GOV
FNDA:0,basic-guards.failure
FNDA:19,basic-guards.success
FNDA:0,basic-guards.GOV
FNF:3
FNH:1
BRF:0
BRH:0
DA:1,1
DA:2,0
DA:4,1
DA:5,1
DA:7,19
DA:8,0
LF:6
LH:4
end_of_record
TN:
SF:/Users/amir/GitHub/marmalade-ng/tests/kadena_repl_sandbox/kda-env/pact-util-lib/util-math.pact
FN:240,free.util-math.safe-log10
FN:208,free.util-math.lcm
FN:102,free.util-math.prod3
FN:94,free.util-math.sum4
FN:144,free.util-math.is-even
FN:60,free.util-math.max3
FN:90,free.util-math.sum3
FN:148,free.util-math.is-odd
FN:122,free.util-math.avg
FN:139,free.util-math.--
FN:64,free.util-math.max4
FN:134,free.util-math.++
FN:42,free.util-math.min-list
FN:74,free.util-math.amax
FN:106,free.util-math.prod4
FN:161,free.util-math.med*
FN:19,free.util-math.GOV
FN:68,free.util-math.max-list
FN:48,free.util-math.amin
FN:98,free.util-math.sum
FN:56,free.util-math.max
FN:218,free.util-math.xEy
FN:114,free.util-math.square
FN:214,free.util-math.pow10
FN:110,free.util-math.prod
FN:34,free.util-math.min3
FN:30,free.util-math.min
FN:174,free.util-math.between
FN:222,free.util-math.dec*
FN:232,free.util-math.safe-log
FN:186,free.util-math.gcd
FN:227,free.util-math.log10
FN:236,free.util-math.safe-ln
FN:38,free.util-math.min4
FN:178,free.util-math.sign
FN:118,free.util-math.safe-/
FN:82,free.util-math.clamp
FN:152,free.util-math.med
FN:127,free.util-math.sizeof
FNDA:0,free.util-math.safe-log10
FNDA:0,free.util-math.lcm
FNDA:0,free.util-math.prod3
FNDA:0,free.util-math.sum4
FNDA:0,free.util-math.is-even
FNDA:0,free.util-math.max3
FNDA:0,free.util-math.sum3
FNDA:0,free.util-math.is-odd
FNDA:0,free.util-math.avg
FNDA:0,free.util-math.--
FNDA:0,free.util-math.max4
FNDA:0,free.util-math.++
FNDA:0,free.util-math.min-list
FNDA:0,free.util-math.amax
FNDA:0,free.util-math.prod4
FNDA:0,free.util-math.med*
FNDA:0,free.util-math.GOV
FNDA:0,free.util-math.max-list
FNDA:0,free.util-math.amin
FNDA:0,free.util-math.sum
FNDA:0,free.util-math.max
FNDA:1,free.util-math.xEy
FNDA:0,free.util-math.square
FNDA:1,free.util-math.pow10
FNDA:0,free.util-math.prod
FNDA:0,free.util-math.min3
FNDA:0,free.util-math.min
FNDA:0,free.util-math.between
FNDA:0,free.util-math.dec*
FNDA:0,free.util-math.safe-log
FNDA:0,free.util-math.gcd
FNDA:0,free.util-math.log10
FNDA:0,free.util-math.safe-ln
FNDA:0,free.util-math.min4
FNDA:0,free.util-math.sign
FNDA:0,free.util-math.safe-/
FNDA:0,free.util-math.clamp
FNDA:0,free.util-math.med
FNDA:0,free.util-math.sizeof
FNF:39
FNH:2
BRF:0
BRH:0
DA:32,0
DA:48,0
DA:64,0
DA:96,0
DA:112,0
DA:144,0
DA:176,0
DA:208,0
DA:224,0
DA:240,0
DA:129,0
DA:161,0
DA:34,0
DA:50,0
DA:66,0
DA:82,0
DA:98,0
DA:114,0
DA:130,0
DA:146,0
DA:178,0
DA:210,0
DA:19,0
DA:51,0
DA:131,0
DA:195,0
DA:211,0
DA:227,0
DA:20,0
DA:36,0
DA:52,0
DA:68,0
DA:84,0
DA:100,0
DA:116,0
DA:148,0
DA:164,0
DA:180,0
DA:196,0
DA:244,0
DA:53,0
DA:85,0
DA:165,0
DA:181,0
DA:197,0
DA:38,0
DA:70,0
DA:86,0
DA:102,0
DA:118,0
DA:134,0
DA:150,0
DA:166,0
DA:182,0
DA:198,0
DA:214,1
DA:230,0
DA:71,0
DA:167,0
DA:199,0
DA:40,0
DA:56,0
DA:104,0
DA:120,0
DA:136,0
DA:152,0
DA:168,0
DA:200,0
DA:216,3
DA:232,0
DA:169,0
DA:42,0
DA:58,0
DA:74,0
DA:90,0
DA:106,0
DA:122,0
DA:154,0
DA:170,0
DA:186,0
DA:218,1
DA:234,0
DA:139,0
DA:155,0
DA:171,0
DA:203,0
DA:12,2
DA:28,3
DA:44,0
DA:60,0
DA:76,0
DA:92,0
DA:108,0
DA:124,0
DA:156,0
DA:204,0
DA:220,3
DA:236,0
DA:45,0
DA:77,0
DA:125,0
DA:141,0
DA:157,0
DA:205,0
DA:30,0
DA:62,0
DA:78,0
DA:94,0
DA:110,0
DA:158,0
DA:174,0
DA:222,0
DA:238,0
DA:79,0
DA:127,0
LF:115
LH:6
end_of_record
TN:
SF:/Users/amir/GitHub/marmalade-ng/tests/kadena_repl_sandbox/kda-env/./kadena/account-protocols-v1.pact
FNF:0
FNH:0
BRF:0
BRH:0
DA:1,2
LF:1
LH:1
end_of_record
TN:
SF:/Users/amir/GitHub/marmalade-ng/tests/kadena_repl_sandbox/kda-env/init-test-accounts.repl
FNF:0
FNH:0
BRF:0
BRH:0
DA:1,1
DA:3,1
DA:4,1
DA:5,1
DA:8,1
DA:10,1
DA:11,1
DA:13,1
LF:8
LH:8
end_of_record
TN:
SF:/Users/amir/GitHub/marmalade-ng/tests/kadena_repl_sandbox/kda-env/./kadena/guards1.pact
FN:52,util.guards1.max-gas-price
FN:65,util.guards1.max-gas-limit
FN:35,util.guards1.try-enforce-guard
FN:10,util.guards1.guard-all
FN:20,util.guards1.guard-any
FN:70,util.guards1.enforce-below-gas-limit
FN:57,util.guards1.enforce-below-gas-price
FN:25,util.guards1.enforce-guard-any
FN:82,util.guards1.chain-gas-limit
FN:44,util.guards1.enforce-below-gas-notional
FN:78,util.guards1.chain-gas-price
FN:39,util.guards1.max-gas-notional
FN:86,util.guards1.chain-gas-notional
FN:74,util.guards1.enforce-below-or-at-gas-limit
FN:61,util.guards1.enforce-below-or-at-gas-price
FN:48,util.guards1.enforce-below-or-at-gas-notional
FN:7,util.guards1.AUTONOMOUS
FN:15,util.guards1.enforce-guard-all
FNDA:0,util.guards1.max-gas-price
FNDA:0,util.guards1.max-gas-limit
FNDA:0,util.guards1.try-enforce-guard
FNDA:0,util.guards1.guard-all
FNDA:0,util.guards1.guard-any
FNDA:0,util.guards1.enforce-below-gas-limit
FNDA:0,util.guards1.enforce-below-gas-price
FNDA:0,util.guards1.enforce-guard-any
FNDA:0,util.guards1.chain-gas-limit
FNDA:0,util.guards1.enforce-below-gas-notional
FNDA:0,util.guards1.chain-gas-price
FNDA:0,util.guards1.max-gas-notional
FNDA:0,util.guards1.chain-gas-notional
FNDA:0,util.guards1.enforce-below-or-at-gas-limit
FNDA:0,util.guards1.enforce-below-or-at-gas-price
FNDA:0,util.guards1.enforce-below-or-at-gas-notional
FNDA:0,util.guards1.AUTONOMOUS
FNDA:0,util.guards1.enforce-guard-all
FNF:18
FNH:0
BRF:0
BRH:0
DA:48,0
DA:80,0
DA:17,0
DA:49,0
DA:65,0
DA:50,0
DA:82,0
DA:35,0
DA:67,0
DA:20,0
DA:36,0
DA:52,0
DA:68,0
DA:84,0
DA:5,3
DA:22,0
DA:54,0
DA:70,0
DA:86,0
DA:7,0
DA:23,0
DA:39,0
DA:55,0
DA:71,0
DA:8,0
DA:72,0
DA:88,0
DA:25,0
DA:41,0
DA:57,0
DA:10,0
DA:42,0
DA:58,0
DA:74,0
DA:27,0
DA:59,0
DA:75,0
DA:12,0
DA:28,0
DA:44,0
DA:76,0
DA:13,0
DA:29,0
DA:45,0
DA:61,0
DA:30,0
DA:46,0
DA:62,0
DA:78,0
DA:15,0
DA:31,0
DA:63,0
LF:52
LH:1
end_of_record
TN:
SF:/Users/amir/GitHub/marmalade-ng/tests/init/../../pact/governance.pact
FN:8,marmalade-ng.governance.GOVERNANCE
FN:14,marmalade-ng.governance.namespace-user-guard
FN:11,marmalade-ng.governance.enforce-governance
FNDA:0,marmalade-ng.governance.GOVERNANCE
FNDA:4,marmalade-ng.governance.namespace-user-guard
FNDA:0,marmalade-ng.governance.enforce-governance
FNF:3
FNH:1
BRF:0
BRH:0
DA:16,0
DA:1,2
DA:3,1
DA:6,1
DA:8,0
DA:9,0
DA:11,0
DA:12,0
DA:14,4
DA:15,4
LF:10
LH:5
end_of_record
TN:
SF:/Users/amir/GitHub/marmalade-ng/tests/kadena_repl_sandbox/kda-env/pact-util-lib/util-time.pact
FN:127,free.util-time.diff-time-minutes
FN:54,free.util-time.from-now
FN:36,free.util-time.genesis
FN:64,free.util-time.to-timestamp
FN:84,free.util-time.latest
FN:19,free.util-time.GOV
FN:32,free.util-time.epoch
FN:79,free.util-time.earliest
FN:137,free.util-time.diff-time-days
FN:59,free.util-time.today
FN:89,free.util-time.time-between
FN:101,free.util-time.is-future
FN:71,free.util-time.from-timestamp
FN:113,free.util-time.est-height-at-time
FN:49,free.util-time.yesterday
FN:106,free.util-time.is-today
FN:120,free.util-time.est-time-at-height
FN:132,free.util-time.diff-time-hours
FN:40,free.util-time.now
FN:96,free.util-time.is-past
FN:44,free.util-time.tomorrow
FNDA:0,free.util-time.diff-time-minutes
FNDA:3,free.util-time.from-now
FNDA:0,free.util-time.genesis
FNDA:0,free.util-time.to-timestamp
FNDA:3,free.util-time.latest
FNDA:0,free.util-time.GOV
FNDA:0,free.util-time.epoch
FNDA:3,free.util-time.earliest
FNDA:0,free.util-time.diff-time-days
FNDA:0,free.util-time.today
FNDA:3,free.util-time.time-between
FNDA:1,free.util-time.is-future
FNDA:0,free.util-time.from-timestamp
FNDA:0,free.util-time.est-height-at-time
FNDA:0,free.util-time.yesterday
FNDA:0,free.util-time.is-today
FNDA:0,free.util-time.est-time-at-height
FNDA:0,free.util-time.diff-time-hours
FNDA:7,free.util-time.now
FNDA:0,free.util-time.is-past
FNDA:0,free.util-time.tomorrow
FNF:21
FNH:6
BRF:0
BRH:0
DA:32,0
DA:64,0
DA:96,0
DA:49,0
DA:81,6
DA:113,0
DA:129,0
DA:66,0
DA:98,0
DA:19,0
DA:51,0
DA:115,0
DA:20,0
DA:36,0
DA:84,3
DA:116,0
DA:132,0
DA:101,1
DA:117,0
DA:54,3
DA:86,6
DA:134,0
DA:71,0
DA:103,2
DA:40,7
DA:56,6
DA:120,0
DA:25,1
DA:89,3
DA:137,0
DA:42,7
DA:74,0
DA:106,0
DA:122,0
DA:27,1
DA:59,0
DA:75,0
DA:91,3
DA:123,0
DA:139,0
DA:12,2
DA:44,0
DA:92,3
DA:108,0
DA:61,0
DA:93,9
DA:109,0
DA:46,0
DA:79,3
DA:127,0
LF:50
LH:17
end_of_record
TN:
SF:/Users/amir/GitHub/marmalade-ng/tests/init/init-policy-fixed-sale.repl
FNF:0
FNH:0
BRF:0
BRH:0
DA:1,1
DA:2,1
DA:3,1
DA:4,1
DA:5,1
DA:6,1
LF:6
LH:6
end_of_record
TN:
SF:/Users/amir/GitHub/marmalade-ng/tests/kadena_repl_sandbox/kda-env/./kadena/fungible-util.pact
FN:15,util.fungible-util.enforce-valid-account
FN:48,util.fungible-util.enforce-reserved
FN:19,util.fungible-util.enforce-precision
FN:41,util.fungible-util.check-reserved
FN:4,util.fungible-util.GOVERNANCE
FN:28,util.fungible-util.enforce-valid-transfer
FN:7,util.fungible-util.enforce-valid-amount
FNDA:0,util.fungible-util.enforce-valid-account
FNDA:0,util.fungible-util.enforce-reserved
FNDA:0,util.fungible-util.enforce-precision
FNDA:0,util.fungible-util.check-reserved
FNDA:0,util.fungible-util.GOVERNANCE
FNDA:0,util.fungible-util.enforce-valid-transfer
FNDA:0,util.fungible-util.enforce-valid-amount
FNF:7
FNH:0
BRF:0
BRH:0
DA:16,0
DA:48,0
DA:1,2
DA:33,0
DA:50,0
DA:19,0
DA:35,0
DA:4,0
DA:36,0
DA:52,0
DA:5,0
DA:37,0
DA:53,0
DA:7,0
DA:23,0
DA:55,0
DA:24,0
DA:56,0
DA:41,0
DA:57,0
DA:58,0
DA:11,0
DA:12,0
DA:28,0
DA:45,0
DA:46,0
DA:15,0
LF:27
LH:1
end_of_record
TN:
SF:/Users/amir/GitHub/marmalade-ng/tests/kadena_repl_sandbox/kda-env/pact-util-lib/util-chain-data.pact
FN:34,free.util-chain-data.prev-block-hash
FN:28,free.util-chain-data.block-height
FN:31,free.util-chain-data.block-time
FN:46,free.util-chain-data.total-gas-limit
FN:25,free.util-chain-data.chain-id
FN:40,free.util-chain-data.gas-limit
FN:43,free.util-chain-data.gas-price
FN:22,free.util-chain-data.GOV
FN:37,free.util-chain-data.sender
FNDA:0,free.util-chain-data.prev-block-hash
FNDA:0,free.util-chain-data.block-height
FNDA:7,free.util-chain-data.block-time
FNDA:0,free.util-chain-data.total-gas-limit
FNDA:0,free.util-chain-data.chain-id
FNDA:0,free.util-chain-data.gas-limit
FNDA:0,free.util-chain-data.gas-price
FNDA:0,free.util-chain-data.GOV
FNDA:0,free.util-chain-data.sender
FNF:9
FNH:1
BRF:0
BRH:0
DA:32,14
DA:34,0
DA:35,0
DA:37,0
DA:22,0
DA:38,0
DA:23,0
DA:40,0
DA:25,0
DA:41,0
DA:26,0
DA:43,0
DA:28,0
DA:44,0
DA:29,0
DA:46,0
DA:15,2
DA:31,7
DA:47,0
LF:19
LH:3
end_of_record
TN:
SF:/Users/amir/GitHub/marmalade-ng/tests/kadena_repl_sandbox/kda-env/pact-util-lib/util-strings.pact
FN:172,free.util-strings.starts-with
FN:69,free.util-strings.ascii-int-to-str
FN:56,free.util-strings.str-to-ascii-int
FN:106,free.util-strings.replace-char
FN:23,free.util-strings.GOV
FN:84,free.util-strings.is-alpha
FN:91,free.util-strings.is-hex-digit
FN:226,free.util-strings.str-to-decimal
FN:221,free.util-strings.decimal-to-str
FN:99,free.util-strings.contains-chars
FN:111,free.util-strings.upper
FN:62,free.util-strings.encode-ascii
FN:151,free.util-strings.split
FN:161,free.util-strings.split-chunks
FN:197,free.util-strings.--count-to-strip
FN:216,free.util-strings.strip
FN:192,free.util-strings.ends-with*
FN:210,free.util-strings.right-strip
FN:180,free.util-strings.starts-with*
FN:120,free.util-strings.lower
FN:45,free.util-strings.to-string
FN:184,free.util-strings.ends-with
FN:134,free.util-strings.slice
FN:129,free.util-strings.char-at
FN:50,free.util-strings.decode-ascii
FN:79,free.util-strings.is-digit
FN:143,free.util-strings.join
FN:204,free.util-strings.left-strip
FNDA:6,free.util-strings.starts-with
FNDA:0,free.util-strings.ascii-int-to-str
FNDA:0,free.util-strings.str-to-ascii-int
FNDA:0,free.util-strings.replace-char
FNDA:0,free.util-strings.GOV
FNDA:0,free.util-strings.is-alpha
FNDA:0,free.util-strings.is-hex-digit
FNDA:0,free.util-strings.str-to-decimal
FNDA:0,free.util-strings.decimal-to-str
FNDA:0,free.util-strings.contains-chars
FNDA:0,free.util-strings.upper
FNDA:0,free.util-strings.encode-ascii
FNDA:0,free.util-strings.split
FNDA:0,free.util-strings.split-chunks
FNDA:0,free.util-strings.--count-to-strip
FNDA:0,free.util-strings.strip
FNDA:0,free.util-strings.ends-with*
FNDA:0,free.util-strings.right-strip
FNDA:0,free.util-strings.starts-with*
FNDA:0,free.util-strings.lower
FNDA:6,free.util-strings.to-string
FNDA:0,free.util-strings.ends-with
FNDA:0,free.util-strings.slice
FNDA:0,free.util-strings.char-at
FNDA:0,free.util-strings.decode-ascii
FNDA:0,free.util-strings.is-digit
FNDA:0,free.util-strings.join
FNDA:0,free.util-strings.left-strip
FNF:28
FNH:2
BRF:0
BRH:0
DA:16,2
DA:64,0
DA:96,0
DA:176,12
DA:192,0
DA:65,0
DA:81,0
DA:113,0
DA:129,0
DA:145,0
DA:161,0
DA:50,0
DA:146,0
DA:194,0
DA:210,0
DA:226,0
DA:99,0
DA:131,0
DA:147,0
DA:163,0
DA:52,0
DA:84,0
DA:148,0
DA:164,0
DA:180,0
DA:212,0
DA:228,0
DA:53,0
DA:69,0
DA:101,0
DA:117,0
DA:165,0
DA:197,0
DA:213,0
DA:229,0
DA:86,0
DA:102,0
DA:134,0
DA:166,0
DA:182,0
DA:198,0
DA:230,0
DA:23,0
DA:71,0
DA:87,0
DA:103,0
DA:151,0
DA:167,0
DA:231,0
DA:24,0
DA:56,0
DA:72,0
DA:88,0
DA:120,0
DA:136,0
DA:152,0
DA:184,0
DA:216,0
DA:232,0
DA:41,2
DA:73,0
DA:137,0
DA:169,0
DA:233,0
DA:42,2
DA:58,0
DA:74,0
DA:106,0
DA:122,0
DA:138,0
DA:154,0
DA:186,0
DA:218,0
DA:234,0
DA:43,1
DA:59,0
DA:75,0
DA:91,0
DA:139,0
DA:155,0
DA:187,0
DA:235,0
DA:108,0
DA:140,0
DA:156,0
DA:172,6
DA:188,0
DA:204,0
DA:236,0
DA:45,6
DA:93,0
DA:157,0
DA:221,0
DA:237,0
DA:62,0
DA:94,0
DA:126,0
DA:158,0
DA:174,6
DA:206,0
DA:238,0
DA:47,6
DA:79,0
DA:95,0
DA:111,0
DA:143,0
DA:175,18
DA:207,0
DA:223,0
LF:109
LH:10
end_of_record
TN:
SF:/Users/amir/GitHub/marmalade-ng/tests/kadena_repl_sandbox/kda-env/./kadena/fungible-v2.pact
FNF:0
FNH:0
BRF:0
BRH:0
DA:1,1
LF:1
LH:1
end_of_record
